Arguments: 
  /usr/local/Cellar/node@10/10.15.0/bin/node /usr/local/Cellar/yarn/1.13.0/libexec/bin/yarn.js

PATH: 
  /usr/local/opt/php@7.2/sbin:/usr/local/opt/php@7.2/bin:/usr/local/opt/sqlite/bin:/usr/local/opt/node@10/bin:/usr/local/sbin:/usr/local/bin:/usr/bin:/bin:/usr/sbin:/sbin

Yarn version: 
  1.13.0

Node version: 
  10.15.0

Platform: 
  darwin x64

Trace: 
  SyntaxError: /Users/webmaster/Desktop/tema-base-wordpress/package.json: Unexpected token } in JSON at position 604
      at JSON.parse (<anonymous>)
      at /usr/local/Cellar/yarn/1.13.0/libexec/lib/cli.js:1625:59
      at Generator.next (<anonymous>)
      at step (/usr/local/Cellar/yarn/1.13.0/libexec/lib/cli.js:304:30)
      at /usr/local/Cellar/yarn/1.13.0/libexec/lib/cli.js:315:13

npm manifest: 
  {
    "name": "tema-base-wordpress",
    "private": true,
    "version": "1.0.0",
    "main": "index.js",
    "repository": "https://github.com/cattanich/tema-base-wordpress.git",
    "author": "Christian <web@kleintours.com.ec>",
    "license": "MIT",
      "dependencies": {
      "parcel-bundler": "^1.5.0"
    },
    "devDependencies": {
      "autoprefixer": "^7.2.5",
      "babel-preset-env": "^1.6.1",
      "node-sass": "^4.7.2"
    },
    "scripts": {
      "test": "echo \"Error: no test specified\" && exit 1",
      "start": "parcel ./static/site.js --hmr-hostname localhost",
      "build": "parcel build ./static/site.js"
    },
  }

yarn manifest: 
  No manifest

Lockfile: 
  # THIS IS AN AUTOGENERATED FILE. DO NOT EDIT THIS FILE DIRECTLY.
  # yarn lockfile v1
